#
# A fatal error has been detected by the Java Runtime Environment:
#
#  EXCEPTION_ACCESS_VIOLATION (0xc0000005) at pc=0x76629b60, pid=5472, tid=0x00000880
#
# JRE version: Java(TM) SE Runtime Environment (8.0_92-b14) (build 1.8.0_92-b14)
# Java VM: Java HotSpot(TM) Client VM (25.92-b14 mixed mode windows-x86 )
# Problematic frame:
# C  [msvcrt.dll+0x9b60]
#
# Failed to write core dump. Minidumps are not enabled by default on client versions of Windows
#
# If you would like to submit a bug report, please visit:
#   http://bugreport.java.com/bugreport/crash.jsp
# The crash happened outside the Java Virtual Machine in native code.
# See problematic frame for where to report the bug.
#

---------------  T H R E A D  ---------------

Current thread (0x00cbdc00):  JavaThread "main" [_thread_in_native, id=2176, stack(0x00350000,0x003a0000)]

siginfo: ExceptionCode=0xc0000005, writing address 0x00000000

Registers:
EAX=0x0025b8b3, EBX=0x011840d8, ECX=0x00003fff, EDX=0x00000003
ESP=0x0039ee34, EBP=0x0039ee3c, ESI=0x0024b8b4, EDI=0x00000000
EIP=0x76629b60, EFLAGS=0x00010202

Top of Stack: (sp=0x0039ee34)
0x0039ee34:   00000000 0024b8ac 0039ee78 76870097
0x0039ee44:   00000000 0024b8b4 0000ffff 002599b8
0x0039ee54:   44e3877c 0024b88c 0039eeec 7684cfba
0x0039ee64:   00000000 0024b8ac 00000004 0000000a
0x0039ee74:   00000000 0039eeec 7684cfd7 0024b88c
0x0039ee84:   450c01a0 00cbdd40 0039f43c 00000018
0x0039ee94:   0039ef18 44baeb90 00b2d688 00000001
0x0039eea4:   00000000 00000000 00000000 0000001a 

Instructions: (pc=0x76629b60)
0x76629b40:   8b 45 08 5e 5f c9 c3 8a 46 03 88 47 03 8a 46 02
0x76629b50:   88 47 02 8a 46 01 88 47 01 8b 45 08 5e 5f c9 c3
0x76629b60:   f3 a5 ff 24 95 b8 99 62 76 8a 06 88 07 8a 46 01
0x76629b70:   88 47 01 8b 45 08 5e 5f c9 c3 83 3d 44 00 6c 76 


Register to memory mapping:

EAX=0x0025b8b3 is an unknown value
EBX=0x011840d8 is an unknown value
ECX=0x00003fff is an unknown value
EDX=0x00000003 is an unknown value
ESP=0x0039ee34 is pointing into the stack for thread: 0x00cbdc00
EBP=0x0039ee3c is pointing into the stack for thread: 0x00cbdc00
ESI=0x0024b8b4 is an unknown value
EDI=0x00000000 is an unknown value


Stack: [0x00350000,0x003a0000],  sp=0x0039ee34,  free space=315k
Native frames: (J=compiled Java code, j=interpreted, Vv=VM code, C=native code)
C  [msvcrt.dll+0x9b60]
C  [OLEAUT32.dll+0x40097]
C  [OLEAUT32.dll+0x1cfd7]
C  [zkemkeeper.dll+0x1e942]
C  [zkemkeeper.dll+0x1ace2]
C  [jacob-1.18-x86.dll+0x1ef5]

Java frames: (J=compiled Java code, j=interpreted, Vv=VM code)
j  com.jacob.com.Dispatch.invokev(Lcom/jacob/com/Dispatch;Ljava/lang/String;III[Lcom/jacob/com/Variant;[I)Lcom/jacob/com/Variant;+0
j  com.jacob.com.Dispatch.invokev(Lcom/jacob/com/Dispatch;Ljava/lang/String;I[Lcom/jacob/com/Variant;[I)Lcom/jacob/com/Variant;+14
j  com.jacob.com.Dispatch.callN(Lcom/jacob/com/Dispatch;Ljava/lang/String;[Ljava/lang/Object;)Lcom/jacob/com/Variant;+15
j  com.jacob.com.Dispatch.call(Lcom/jacob/com/Dispatch;Ljava/lang/String;[Ljava/lang/Object;)Lcom/jacob/com/Variant;+7
j  Fonctionne.AddFinger.main([Ljava/lang/String;)V+232
v  ~StubRoutines::call_stub

---------------  P R O C E S S  ---------------

Java Threads: ( => current thread )
  0x4501b800 JavaThread "Service Thread" daemon [_thread_blocked, id=768, stack(0x45b50000,0x45c50000)]
  0x45005c00 JavaThread "C1 CompilerThread0" daemon [_thread_blocked, id=2600, stack(0x44e40000,0x44e90000)]
  0x45004800 JavaThread "Attach Listener" daemon [_thread_blocked, id=1408, stack(0x459e0000,0x45ae0000)]
  0x44feb400 JavaThread "Signal Dispatcher" daemon [_thread_blocked, id=5864, stack(0x45860000,0x45960000)]
  0x44fe8800 JavaThread "Finalizer" daemon [_thread_blocked, id=5860, stack(0x45590000,0x45690000)]
  0x44fe2c00 JavaThread "Reference Handler" daemon [_thread_blocked, id=5848, stack(0x452e0000,0x453e0000)]
=>0x00cbdc00 JavaThread "main" [_thread_in_native, id=2176, stack(0x00350000,0x003a0000)]

Other Threads:
  0x44fbc800 VMThread [stack: 0x44ec0000,0x44f10000] [id=4532]
  0x4502e800 WatcherThread [stack: 0x45270000,0x452c0000] [id=6028]

VM state:not at safepoint (normal execution)

VM Mutex/Monitor currently owned by a thread: None

Heap:
 def new generation   total 157248K, used 5591K [0x04600000, 0x0f0a0000, 0x19b50000)
  eden space 139776K,   4% used [0x04600000, 0x04b75c50, 0x0ce80000)
  from space 17472K,   0% used [0x0ce80000, 0x0ce80000, 0x0df90000)
  to   space 17472K,   0% used [0x0df90000, 0x0df90000, 0x0f0a0000)
 tenured generation   total 349568K, used 0K [0x19b50000, 0x2f0b0000, 0x44600000)
   the space 349568K,   0% used [0x19b50000, 0x19b50000, 0x19b50200, 0x2f0b0000)
 Metaspace       used 2084K, capacity 2344K, committed 2368K, reserved 4480K

Card table byte_map: [0x44600000,0x44810000] byte_map_base: 0x445dd000

Polling page: 0x003a0000

CodeCache: size=32768Kb used=710Kb max_used=710Kb free=32057Kb
 bounds [0x02600000, 0x026b8000, 0x04600000]
 total_blobs=184 nmethods=28 adapters=88
 compilation: enabled

Compilation events (10 events):
Event: 0.096 Thread 0x45005c00   24             sun.net.www.ParseUtil::encodePath (336 bytes)
Event: 0.096 Thread 0x45005c00 nmethod 24 0x026ab908 code [0x026abab0, 0x026ac158]
Event: 0.097 Thread 0x45005c00   25             java.io.WinNTFileSystem::isSlash (18 bytes)
Event: 0.097 Thread 0x45005c00 nmethod 25 0x026ac7c8 code [0x026ac8c0, 0x026ac960]
Event: 0.097 Thread 0x45005c00   26  s          java.lang.StringBuffer::append (13 bytes)
Event: 0.097 Thread 0x45005c00 nmethod 26 0x026ac9c8 code [0x026acad0, 0x026acd0c]
Event: 0.097 Thread 0x45005c00   27             java.io.WinNTFileSystem::normalize (231 bytes)
Event: 0.099 Thread 0x45005c00 nmethod 27 0x026acfc8 code [0x026ad210, 0x026ae76c]
Event: 0.109 Thread 0x45005c00   28             sun.misc.MetaIndex::mayContain (51 bytes)
Event: 0.109 Thread 0x45005c00 nmethod 28 0x026aff48 code [0x026b0070, 0x026b01e8]

GC Heap History (0 events):
No events

Deoptimization events (0 events):
No events

Internal exceptions (6 events):
Event: 0.044 Thread 0x00cbdc00 Exception <a 'java/lang/NoSuchMethodError': Method sun.misc.Unsafe.defineClass(Ljava/lang/String;[BII)Ljava/lang/Class; name or signature does not match> (0x04606ea8) thrown at [C:\workspace\8-2-build-windows-i586-cygwin\jdk8u92\6642\hotspot\src\share\vm\prùá O¶?
Event: 0.044 Thread 0x00cbdc00 Exception <a 'java/lang/NoSuchMethodError': Method sun.misc.Unsafe.prefetchRead(Ljava/lang/Object;J)V name or signature does not match> (0x04607178) thrown at [C:\workspace\8-2-build-windows-i586-cygwin\jdk8u92\6642\hotspot\src\share\vm\prims\jni.cpp, lineÆ»Mîyﬁ∏?
Event: 0.097 Thread 0x00cbdc00 Exception <a 'java/security/PrivilegedActionException'> (0x046a2e38) thrown at [C:\workspace\8-2-build-windows-i586-cygwin\jdk8u92\6642\hotspot\src\share\vm\prims\jvm.cpp, line 1386]
Event: 0.097 Thread 0x00cbdc00 Exception <a 'java/security/PrivilegedActionException'> (0x046a3038) thrown at [C:\workspace\8-2-build-windows-i586-cygwin\jdk8u92\6642\hotspot\src\share\vm\prims\jvm.cpp, line 1386]
Event: 0.098 Thread 0x00cbdc00 Exception <a 'java/security/PrivilegedActionException'> (0x046a70c0) thrown at [C:\workspace\8-2-build-windows-i586-cygwin\jdk8u92\6642\hotspot\src\share\vm\prims\jvm.cpp, line 1386]
Event: 0.098 Thread 0x00cbdc00 Exception <a 'java/security/PrivilegedActionException'> (0x046a72c0) thrown at [C:\workspace\8-2-build-windows-i586-cygwin\jdk8u92\6642\hotspot\src\share\vm\prims\jvm.cpp, line 1386]

Events (10 events):
Event: 0.105 loading class com/jacob/com/ComThread
Event: 0.105 loading class com/jacob/com/ComThread done
Event: 0.109 loading class com/jacob/com/VariantUtilities
Event: 0.109 loading class com/jacob/com/VariantUtilities done
Event: 0.110 loading class java/math/BigDecimal
Event: 0.110 loading class java/math/BigDecimal done
Event: 0.110 loading class java/math/BigInteger
Event: 0.111 loading class java/math/BigInteger done
Event: 0.111 loading class java/math/BigDecimal$1
Event: 0.111 loading class java/math/BigDecimal$1 done


Dynamic libraries:
0x011c0000 - 0x011f3000 	C:\Program Files (x86)\Java\jdk1.8.0_92\bin\javaw.exe
0x771c0000 - 0x77340000 	C:\Windows\SysWOW64\ntdll.dll
0x76290000 - 0x763a0000 	C:\Windows\syswow64\kernel32.dll
0x76ce0000 - 0x76d27000 	C:\Windows\syswow64\KERNELBASE.dll
0x75d80000 - 0x75e21000 	C:\Windows\syswow64\ADVAPI32.dll
0x76620000 - 0x766cc000 	C:\Windows\syswow64\msvcrt.dll
0x75e80000 - 0x75e99000 	C:\Windows\SysWOW64\sechost.dll
0x75aa0000 - 0x75b90000 	C:\Windows\syswow64\RPCRT4.dll
0x74b40000 - 0x74ba0000 	C:\Windows\syswow64\SspiCli.dll
0x74b30000 - 0x74b3c000 	C:\Windows\syswow64\CRYPTBASE.dll
0x75990000 - 0x75a90000 	C:\Windows\syswow64\USER32.dll
0x76590000 - 0x76620000 	C:\Windows\syswow64\GDI32.dll
0x77190000 - 0x7719a000 	C:\Windows\syswow64\LPK.dll
0x766d0000 - 0x7676d000 	C:\Windows\syswow64\USP10.dll
0x72970000 - 0x72b0e000 	C:\Windows\WinSxS\x86_microsoft.windows.common-controls_6595b64144ccf1df_6.0.7601.18807_none_41e554362bd82458\COMCTL32.dll
0x763a0000 - 0x763f7000 	C:\Windows\syswow64\SHLWAPI.dll
0x74ba0000 - 0x74c00000 	C:\Windows\system32\IMM32.DLL
0x74c00000 - 0x74ccc000 	C:\Windows\syswow64\MSCTF.dll
0x54bf0000 - 0x54caf000 	C:\Program Files (x86)\Java\jdk1.8.0_92\jre\bin\msvcr100.dll
0x54820000 - 0x54beb000 	C:\Program Files (x86)\Java\jdk1.8.0_92\jre\bin\client\jvm.dll
0x746c0000 - 0x746c7000 	C:\Windows\system32\WSOCK32.dll
0x76400000 - 0x76435000 	C:\Windows\syswow64\WS2_32.dll
0x76580000 - 0x76586000 	C:\Windows\syswow64\NSI.dll
0x71d00000 - 0x71d32000 	C:\Windows\system32\WINMM.dll
0x744a0000 - 0x744a9000 	C:\Windows\system32\VERSION.dll
0x76440000 - 0x76445000 	C:\Windows\syswow64\PSAPI.DLL
0x5db30000 - 0x5db3c000 	C:\Program Files (x86)\Java\jdk1.8.0_92\jre\bin\verify.dll
0x552e0000 - 0x55301000 	C:\Program Files (x86)\Java\jdk1.8.0_92\jre\bin\java.dll
0x55290000 - 0x552a3000 	C:\Program Files (x86)\Java\jdk1.8.0_92\jre\bin\zip.dll
0x74ce0000 - 0x7592b000 	C:\Windows\syswow64\SHELL32.dll
0x76120000 - 0x7627c000 	C:\Windows\syswow64\ole32.dll
0x76b00000 - 0x76b0b000 	C:\Windows\syswow64\profapi.dll
0x55260000 - 0x5528f000 	C:\Program Files (x86)\Java\jdk1.8.0_92\bin\jacob-1.18-x86.dll
0x76830000 - 0x768bf000 	C:\Windows\syswow64\OLEAUT32.dll
0x76a70000 - 0x76af3000 	C:\Windows\syswow64\CLBCatQ.DLL
0x45690000 - 0x45703000 	C:\Windows\SysWOW64\zkemkeeper.dll
0x01150000 - 0x01189000 	C:\Windows\SysWOW64\zkemsdk.dll
0x011a0000 - 0x011b6000 	C:\Windows\SysWOW64\commpro.dll
0x6a300000 - 0x6a35f000 	C:\Windows\system32\SXS.DLL
0x44ea0000 - 0x44eae000 	C:\Windows\system32\tcpcomm.dll
0x73520000 - 0x7355c000 	C:\Windows\system32\mswsock.dll
0x730a0000 - 0x730a5000 	C:\Windows\System32\wshtcpip.dll
0x71570000 - 0x71580000 	C:\Windows\system32\NLAapi.dll
0x71520000 - 0x71530000 	C:\Windows\system32\napinsp.dll
0x71500000 - 0x71512000 	C:\Windows\system32\pnrpnsp.dll
0x74520000 - 0x74564000 	C:\Windows\system32\DNSAPI.dll
0x714f0000 - 0x714f8000 	C:\Windows\System32\winrnr.dll
0x72d00000 - 0x72d38000 	C:\Windows\System32\fwpuclnt.dll
0x72e40000 - 0x72e46000 	C:\Windows\system32\rasadhlp.dll
0x744e0000 - 0x744fc000 	C:\Windows\system32\IPHLPAPI.DLL
0x744d0000 - 0x744d7000 	C:\Windows\system32\WINNSI.DLL
0x70370000 - 0x703f0000 	C:\Windows\system32\uxtheme.dll
0x70190000 - 0x7027b000 	C:\Windows\system32\dbghelp.dll

VM Arguments:
jvm_args: -Dfile.encoding=Cp1252 -Xms512m -Xmx1024m -Xss1m 
java_command: Fonctionne.AddFinger
java_class_path (initial): C:\WORK\PROJECTS\Access_Controle\TestJACOB\bin;C:\Users\amal.jerbi.SIFAST0\Desktop\jacob-1.18\jacob.jar
Launcher Type: SUN_STANDARD

Environment Variables:
JAVA_HOME=C:\dev\frequencia\programs\jdk1.7.0_45_x64
JRE_HOME=C:\dev\frequencia\programs\jdk1.7.0_45_x64\jre
_JAVA_OPTIONS=-Xms512m -Xmx1024m -Xss1m 
USERNAME=amal.jerbi
OS=Windows_NT
PROCESSOR_IDENTIFIER=Intel64 Family 6 Model 42 Stepping 7, GenuineIntel



---------------  S Y S T E M  ---------------

OS: Windows 7 , 64 bit Build 7601 (6.1.7601.18839)

CPU:total 4 (4 cores per cpu, 1 threads per core) family 6 model 42 stepping 7, cmov, cx8, fxsr, mmx, sse, sse2, sse3, ssse3, sse4.1, sse4.2, popcnt, avx, aes, clmul, tsc, tscinvbit

Memory: 4k page, physical 8266684k(4328432k free), swap 15013616k(9700112k free)

vm_info: Java HotSpot(TM) Client VM (25.92-b14) for windows-x86 JRE (1.8.0_92-b14), built on Mar 31 2016 21:09:21 by "java_re" with MS VC++ 10.0 (VS2010)

time: Tue Jul 12 11:34:00 2016
elapsed time: 0 seconds (0d 0h 0m 0s)

